<?xml version="1.0" encoding="UTF-8"?>
<robot generator="Robot 7.1.1 (Python 3.10.12 on linux)" generated="2024-11-15T16:06:36.332869" rpa="false" schemaversion="5">
<suite id="s1" name="Tests" source="/home/heikkinv/Documents/ohtu/ohtu_webcounter/src/tests">
<suite id="s1-s1" name="Increment" source="/home/heikkinv/Documents/ohtu/ohtu_webcounter/src/tests/increment.robot">
<kw name="Open And Configure Browser" owner="resource" type="SETUP">
<if>
<branch type="IF" condition="$BROWSER == 'chrome'">
<kw name="Evaluate" owner="BuiltIn">
<msg time="2024-11-15T16:06:36.426232" level="INFO">${options} = &lt;selenium.webdriver.chrome.options.Options object at 0x777a772caf50&gt;</msg>
<var>${options}</var>
<arg>sys.modules['selenium.webdriver'].ChromeOptions()</arg>
<arg>sys</arg>
<doc>Evaluates the given expression in Python and returns the result.</doc>
<status status="PASS" start="2024-11-15T16:06:36.425952" elapsed="0.000312"/>
</kw>
<status status="PASS" start="2024-11-15T16:06:36.423679" elapsed="0.002641"/>
</branch>
<branch type="ELSE IF" condition="$BROWSER == 'firefox'">
<kw name="Evaluate" owner="BuiltIn">
<var>${options}</var>
<arg>sys.modules['selenium.webdriver'].FirefoxOptions()</arg>
<arg>sys</arg>
<doc>Evaluates the given expression in Python and returns the result.</doc>
<status status="NOT RUN" start="2024-11-15T16:06:36.426442" elapsed="0.000023"/>
</kw>
<status status="NOT RUN" start="2024-11-15T16:06:36.426357" elapsed="0.000142"/>
</branch>
<status status="PASS" start="2024-11-15T16:06:36.423661" elapsed="0.002861"/>
</if>
<if>
<branch type="IF" condition="$HEADLESS == 'true'">
<kw name="Set Selenium Speed" owner="SeleniumLibrary">
<arg>0</arg>
<doc>Sets the delay that is waited after each Selenium command.</doc>
<status status="NOT RUN" start="2024-11-15T16:06:36.426701" elapsed="0.000021"/>
</kw>
<kw name="Call Method" owner="BuiltIn">
<arg>${options}</arg>
<arg>add_argument</arg>
<arg>--headless</arg>
<doc>Calls the named method of the given object with the provided arguments.</doc>
<status status="NOT RUN" start="2024-11-15T16:06:36.426791" elapsed="0.000018"/>
</kw>
<status status="NOT RUN" start="2024-11-15T16:06:36.426563" elapsed="0.000277"/>
</branch>
<branch type="ELSE">
<kw name="Set Selenium Speed" owner="SeleniumLibrary">
<arg>${DELAY}</arg>
<doc>Sets the delay that is waited after each Selenium command.</doc>
<status status="PASS" start="2024-11-15T16:06:36.426921" elapsed="0.000191"/>
</kw>
<status status="PASS" start="2024-11-15T16:06:36.426864" elapsed="0.000299"/>
</branch>
<status status="PASS" start="2024-11-15T16:06:36.426552" elapsed="0.000637"/>
</if>
<kw name="Open Browser" owner="SeleniumLibrary">
<msg time="2024-11-15T16:06:36.427455" level="INFO">Opening browser 'chrome' to base url 'None'.</msg>
<msg time="2024-11-15T16:06:36.460357" level="WARN">The chromedriver version (130.0.6723.91) detected in PATH at /usr/bin/chromedriver might not be compatible with the detected chrome version (131.0.6778.69); currently, chromedriver 131.0.6778.69 is recommended for chrome 131.*, so it is advised to delete the driver in PATH and retry</msg>
<arg>browser=${BROWSER}</arg>
<arg>options=${options}</arg>
<doc>Opens a new browser instance to the optional ``url``.</doc>
<status status="PASS" start="2024-11-15T16:06:36.427268" elapsed="0.371644"/>
</kw>
<status status="PASS" start="2024-11-15T16:06:36.423496" elapsed="0.375641"/>
</kw>
<test id="s1-s1-t1" name="At start the counter is zero" line="7">
<kw name="Go To" owner="SeleniumLibrary">
<msg time="2024-11-15T16:06:36.800110" level="INFO">Opening url 'http://localhost:5001'</msg>
<arg>${HOME_URL}</arg>
<doc>Navigates the current browser window to the provided ``url``.</doc>
<status status="PASS" start="2024-11-15T16:06:36.799890" elapsed="0.550890"/>
</kw>
<kw name="Title Should Be" owner="SeleniumLibrary">
<msg time="2024-11-15T16:06:37.863057" level="INFO">Page title is 'Laskuri'.</msg>
<arg>Laskuri</arg>
<doc>Verifies that the current page title equals ``title``.</doc>
<status status="PASS" start="2024-11-15T16:06:37.351473" elapsed="0.511896"/>
</kw>
<kw name="Page Should Contain" owner="SeleniumLibrary">
<msg time="2024-11-15T16:06:38.890314" level="INFO">Current page contains text 'nappia painettu 0 kertaa'.</msg>
<arg>nappia painettu 0 kertaa</arg>
<doc>Verifies that current page contains ``text``.</doc>
<status status="PASS" start="2024-11-15T16:06:37.863892" elapsed="1.026715"/>
</kw>
<status status="PASS" start="2024-11-15T16:06:36.799304" elapsed="2.091832"/>
</test>
<test id="s1-s1-t2" name="When button pressed twice the counter is two" line="12">
<kw name="Go To" owner="SeleniumLibrary">
<msg time="2024-11-15T16:06:38.892857" level="INFO">Opening url 'http://localhost:5001'</msg>
<arg>${HOME_URL}</arg>
<doc>Navigates the current browser window to the provided ``url``.</doc>
<status status="PASS" start="2024-11-15T16:06:38.892467" elapsed="0.520189"/>
</kw>
<kw name="Click Button" owner="SeleniumLibrary">
<msg time="2024-11-15T16:06:39.414144" level="INFO">Clicking button 'Paina'.</msg>
<arg>Paina</arg>
<doc>Clicks the button identified by ``locator``.</doc>
<status status="PASS" start="2024-11-15T16:06:39.413389" elapsed="1.582695"/>
</kw>
<kw name="Click Button" owner="SeleniumLibrary">
<msg time="2024-11-15T16:06:40.997348" level="INFO">Clicking button 'Paina'.</msg>
<arg>Paina</arg>
<doc>Clicks the button identified by ``locator``.</doc>
<status status="PASS" start="2024-11-15T16:06:40.996824" elapsed="1.572585"/>
</kw>
<kw name="Page Should Contain" owner="SeleniumLibrary">
<msg time="2024-11-15T16:06:43.600405" level="INFO">Current page contains text 'nappia painettu 2 kertaa'.</msg>
<arg>nappia painettu 2 kertaa</arg>
<doc>Verifies that current page contains ``text``.</doc>
<status status="PASS" start="2024-11-15T16:06:42.570091" elapsed="1.030632"/>
</kw>
<status status="PASS" start="2024-11-15T16:06:38.891670" elapsed="4.709730"/>
</test>
<kw name="Close Browser" owner="SeleniumLibrary" type="TEARDOWN">
<doc>Closes the current browser.</doc>
<status status="PASS" start="2024-11-15T16:06:43.602747" elapsed="0.560409"/>
</kw>
<status status="PASS" start="2024-11-15T16:06:36.345719" elapsed="7.817644"/>
</suite>
<suite id="s1-s2" name="Reset" source="/home/heikkinv/Documents/ohtu/ohtu_webcounter/src/tests/reset.robot">
<kw name="Open And Configure Browser" owner="resource" type="SETUP">
<if>
<branch type="IF" condition="$BROWSER == 'chrome'">
<kw name="Evaluate" owner="BuiltIn">
<msg time="2024-11-15T16:06:44.171271" level="INFO">${options} = &lt;selenium.webdriver.chrome.options.Options object at 0x777a7715d840&gt;</msg>
<var>${options}</var>
<arg>sys.modules['selenium.webdriver'].ChromeOptions()</arg>
<arg>sys</arg>
<doc>Evaluates the given expression in Python and returns the result.</doc>
<status status="PASS" start="2024-11-15T16:06:44.170642" elapsed="0.000712"/>
</kw>
<status status="PASS" start="2024-11-15T16:06:44.170067" elapsed="0.001437"/>
</branch>
<branch type="ELSE IF" condition="$BROWSER == 'firefox'">
<kw name="Evaluate" owner="BuiltIn">
<var>${options}</var>
<arg>sys.modules['selenium.webdriver'].FirefoxOptions()</arg>
<arg>sys</arg>
<doc>Evaluates the given expression in Python and returns the result.</doc>
<status status="NOT RUN" start="2024-11-15T16:06:44.171861" elapsed="0.000066"/>
</kw>
<status status="NOT RUN" start="2024-11-15T16:06:44.171598" elapsed="0.000441"/>
</branch>
<status status="PASS" start="2024-11-15T16:06:44.170004" elapsed="0.002127"/>
</if>
<if>
<branch type="IF" condition="$HEADLESS == 'true'">
<kw name="Set Selenium Speed" owner="SeleniumLibrary">
<arg>0</arg>
<doc>Sets the delay that is waited after each Selenium command.</doc>
<status status="NOT RUN" start="2024-11-15T16:06:44.172676" elapsed="0.000067"/>
</kw>
<kw name="Call Method" owner="BuiltIn">
<arg>${options}</arg>
<arg>add_argument</arg>
<arg>--headless</arg>
<doc>Calls the named method of the given object with the provided arguments.</doc>
<status status="NOT RUN" start="2024-11-15T16:06:44.172974" elapsed="0.000062"/>
</kw>
<status status="NOT RUN" start="2024-11-15T16:06:44.172256" elapsed="0.000902"/>
</branch>
<branch type="ELSE">
<kw name="Set Selenium Speed" owner="SeleniumLibrary">
<arg>${DELAY}</arg>
<doc>Sets the delay that is waited after each Selenium command.</doc>
<status status="PASS" start="2024-11-15T16:06:44.173567" elapsed="0.000591"/>
</kw>
<status status="PASS" start="2024-11-15T16:06:44.173238" elapsed="0.001040"/>
</branch>
<status status="PASS" start="2024-11-15T16:06:44.172222" elapsed="0.002130"/>
</if>
<kw name="Open Browser" owner="SeleniumLibrary">
<msg time="2024-11-15T16:06:44.175090" level="INFO">Opening browser 'chrome' to base url 'None'.</msg>
<msg time="2024-11-15T16:06:44.226248" level="WARN">The chromedriver version (130.0.6723.91) detected in PATH at /usr/bin/chromedriver might not be compatible with the detected chrome version (131.0.6778.69); currently, chromedriver 131.0.6778.69 is recommended for chrome 131.*, so it is advised to delete the driver in PATH and retry</msg>
<arg>browser=${BROWSER}</arg>
<arg>options=${options}</arg>
<doc>Opens a new browser instance to the optional ``url``.</doc>
<status status="PASS" start="2024-11-15T16:06:44.174566" elapsed="0.413885"/>
</kw>
<status status="PASS" start="2024-11-15T16:06:44.169615" elapsed="0.418976"/>
</kw>
<test id="s1-s2-t1" name="When counter has a nonzero value and it is reset the value becomes zero" line="7">
<kw name="Go To" owner="SeleniumLibrary">
<msg time="2024-11-15T16:06:44.589349" level="INFO">Opening url 'http://localhost:5001'</msg>
<arg>${HOME_URL}</arg>
<doc>Navigates the current browser window to the provided ``url``.</doc>
<status status="PASS" start="2024-11-15T16:06:44.589147" elapsed="0.558218"/>
</kw>
<kw name="Click Button" owner="SeleniumLibrary">
<msg time="2024-11-15T16:06:45.148532" level="INFO">Clicking button 'Paina'.</msg>
<arg>Paina</arg>
<doc>Clicks the button identified by ``locator``.</doc>
<status status="PASS" start="2024-11-15T16:06:45.147990" elapsed="1.589222"/>
</kw>
<kw name="Click Button" owner="SeleniumLibrary">
<msg time="2024-11-15T16:06:46.738436" level="INFO">Clicking button 'Nollaa'.</msg>
<arg>Nollaa</arg>
<doc>Clicks the button identified by ``locator``.</doc>
<status status="PASS" start="2024-11-15T16:06:46.737912" elapsed="1.566021"/>
</kw>
<kw name="Page Should Contain" owner="SeleniumLibrary">
<msg time="2024-11-15T16:06:49.332711" level="INFO">Current page contains text 'nappia painettu 0 kertaa'.</msg>
<arg>nappia painettu 0 kertaa</arg>
<doc>Verifies that current page contains ``text``.</doc>
<status status="PASS" start="2024-11-15T16:06:48.304618" elapsed="1.028439"/>
</kw>
<status status="PASS" start="2024-11-15T16:06:44.588685" elapsed="4.745030"/>
</test>
<kw name="Close Browser" owner="SeleniumLibrary" type="TEARDOWN">
<doc>Closes the current browser.</doc>
<status status="PASS" start="2024-11-15T16:06:49.334832" elapsed="0.558735"/>
</kw>
<status status="PASS" start="2024-11-15T16:06:44.164634" elapsed="5.729159"/>
</suite>
<suite id="s1-s3" name="Setvalue" source="/home/heikkinv/Documents/ohtu/ohtu_webcounter/src/tests/setvalue.robot">
<kw name="Open And Configure Browser" owner="resource" type="SETUP">
<if>
<branch type="IF" condition="$BROWSER == 'chrome'">
<kw name="Evaluate" owner="BuiltIn">
<msg time="2024-11-15T16:06:49.901787" level="INFO">${options} = &lt;selenium.webdriver.chrome.options.Options object at 0x777a7715cca0&gt;</msg>
<var>${options}</var>
<arg>sys.modules['selenium.webdriver'].ChromeOptions()</arg>
<arg>sys</arg>
<doc>Evaluates the given expression in Python and returns the result.</doc>
<status status="PASS" start="2024-11-15T16:06:49.901215" elapsed="0.000654"/>
</kw>
<status status="PASS" start="2024-11-15T16:06:49.900675" elapsed="0.001338"/>
</branch>
<branch type="ELSE IF" condition="$BROWSER == 'firefox'">
<kw name="Evaluate" owner="BuiltIn">
<var>${options}</var>
<arg>sys.modules['selenium.webdriver'].FirefoxOptions()</arg>
<arg>sys</arg>
<doc>Evaluates the given expression in Python and returns the result.</doc>
<status status="NOT RUN" start="2024-11-15T16:06:49.902377" elapsed="0.000067"/>
</kw>
<status status="NOT RUN" start="2024-11-15T16:06:49.902122" elapsed="0.000440"/>
</branch>
<status status="PASS" start="2024-11-15T16:06:49.900629" elapsed="0.002011"/>
</if>
<if>
<branch type="IF" condition="$HEADLESS == 'true'">
<kw name="Set Selenium Speed" owner="SeleniumLibrary">
<arg>0</arg>
<doc>Sets the delay that is waited after each Selenium command.</doc>
<status status="NOT RUN" start="2024-11-15T16:06:49.903244" elapsed="0.000070"/>
</kw>
<kw name="Call Method" owner="BuiltIn">
<arg>${options}</arg>
<arg>add_argument</arg>
<arg>--headless</arg>
<doc>Calls the named method of the given object with the provided arguments.</doc>
<status status="NOT RUN" start="2024-11-15T16:06:49.903549" elapsed="0.000061"/>
</kw>
<status status="NOT RUN" start="2024-11-15T16:06:49.902762" elapsed="0.000961"/>
</branch>
<branch type="ELSE">
<kw name="Set Selenium Speed" owner="SeleniumLibrary">
<arg>${DELAY}</arg>
<doc>Sets the delay that is waited after each Selenium command.</doc>
<status status="PASS" start="2024-11-15T16:06:49.904001" elapsed="0.000569"/>
</kw>
<status status="PASS" start="2024-11-15T16:06:49.903803" elapsed="0.000898"/>
</branch>
<status status="PASS" start="2024-11-15T16:06:49.902729" elapsed="0.002049"/>
</if>
<kw name="Open Browser" owner="SeleniumLibrary">
<msg time="2024-11-15T16:06:49.905603" level="INFO">Opening browser 'chrome' to base url 'None'.</msg>
<msg time="2024-11-15T16:06:49.963584" level="WARN">The chromedriver version (130.0.6723.91) detected in PATH at /usr/bin/chromedriver might not be compatible with the detected chrome version (131.0.6778.69); currently, chromedriver 131.0.6778.69 is recommended for chrome 131.*, so it is advised to delete the driver in PATH and retry</msg>
<arg>browser=${BROWSER}</arg>
<arg>options=${options}</arg>
<doc>Opens a new browser instance to the optional ``url``.</doc>
<status status="PASS" start="2024-11-15T16:06:49.905038" elapsed="0.393346"/>
</kw>
<status status="PASS" start="2024-11-15T16:06:49.900285" elapsed="0.398253"/>
</kw>
<test id="s1-s3-t1" name="When value is set the counter has the same value" line="7">
<kw name="Go To" owner="SeleniumLibrary">
<msg time="2024-11-15T16:06:50.299581" level="INFO">Opening url 'http://localhost:5001'</msg>
<arg>${HOME_URL}</arg>
<doc>Navigates the current browser window to the provided ``url``.</doc>
<status status="PASS" start="2024-11-15T16:06:50.299166" elapsed="0.544012"/>
</kw>
<kw name="Input Text" owner="SeleniumLibrary">
<msg time="2024-11-15T16:06:50.844395" level="INFO">Typing text '10' into text field 'value'.</msg>
<arg>value</arg>
<arg>10</arg>
<doc>Types the given ``text`` into the text field identified by ``locator``.</doc>
<status status="PASS" start="2024-11-15T16:06:50.843825" elapsed="1.607513"/>
</kw>
<kw name="Click Button" owner="SeleniumLibrary">
<msg time="2024-11-15T16:06:52.452418" level="INFO">Clicking button 'aseta'.</msg>
<arg>aseta</arg>
<doc>Clicks the button identified by ``locator``.</doc>
<status status="PASS" start="2024-11-15T16:06:52.451951" elapsed="1.577008"/>
</kw>
<kw name="Page Should Contain" owner="SeleniumLibrary">
<msg time="2024-11-15T16:06:55.055159" level="INFO">Current page contains text 'nappia painettu 10 kertaa'.</msg>
<arg>nappia painettu 10 kertaa</arg>
<doc>Verifies that current page contains ``text``.</doc>
<status status="PASS" start="2024-11-15T16:06:54.029763" elapsed="1.025706"/>
</kw>
<status status="PASS" start="2024-11-15T16:06:50.298632" elapsed="4.757445"/>
</test>
<kw name="Close Browser" owner="SeleniumLibrary" type="TEARDOWN">
<doc>Closes the current browser.</doc>
<status status="PASS" start="2024-11-15T16:06:55.057155" elapsed="0.558107"/>
</kw>
<status status="PASS" start="2024-11-15T16:06:49.895145" elapsed="5.720324"/>
</suite>
<status status="PASS" start="2024-11-15T16:06:36.333614" elapsed="19.283306"/>
</suite>
<statistics>
<total>
<stat pass="4" fail="0" skip="0">All Tests</stat>
</total>
<tag>
</tag>
<suite>
<stat pass="4" fail="0" skip="0" id="s1" name="Tests">Tests</stat>
<stat pass="2" fail="0" skip="0" id="s1-s1" name="Increment">Tests.Increment</stat>
<stat pass="1" fail="0" skip="0" id="s1-s2" name="Reset">Tests.Reset</stat>
<stat pass="1" fail="0" skip="0" id="s1-s3" name="Setvalue">Tests.Setvalue</stat>
</suite>
</statistics>
<errors>
<msg time="2024-11-15T16:06:36.460357" level="WARN">The chromedriver version (130.0.6723.91) detected in PATH at /usr/bin/chromedriver might not be compatible with the detected chrome version (131.0.6778.69); currently, chromedriver 131.0.6778.69 is recommended for chrome 131.*, so it is advised to delete the driver in PATH and retry</msg>
<msg time="2024-11-15T16:06:44.226248" level="WARN">The chromedriver version (130.0.6723.91) detected in PATH at /usr/bin/chromedriver might not be compatible with the detected chrome version (131.0.6778.69); currently, chromedriver 131.0.6778.69 is recommended for chrome 131.*, so it is advised to delete the driver in PATH and retry</msg>
<msg time="2024-11-15T16:06:49.963584" level="WARN">The chromedriver version (130.0.6723.91) detected in PATH at /usr/bin/chromedriver might not be compatible with the detected chrome version (131.0.6778.69); currently, chromedriver 131.0.6778.69 is recommended for chrome 131.*, so it is advised to delete the driver in PATH and retry</msg>
</errors>
</robot>
